<?xml version="1.0" encoding="utf-8"?><testsuite errors="0" failures="0" name="pytest" skips="0" tests="8" time="0.699"><testcase classname="test_submit.TestChallenge1" file="test_submit.py" line="29" name="test_len" time="0.0049877166748046875"><system-out>Final results: [{&apos;source&apos;: &apos;41-833333333&apos;, &apos;total&apos;: 4.77}, {&apos;source&apos;: &apos;48-999999999&apos;, &apos;total&apos;: 4.68}, {&apos;source&apos;: &apos;41-885633788&apos;, &apos;total&apos;: 3.96}, {&apos;source&apos;: &apos;48-996355555&apos;, &apos;total&apos;: 2.61}, {&apos;source&apos;: &apos;41-886383097&apos;, &apos;total&apos;: 1.53}, {&apos;source&apos;: &apos;48-996383697&apos;, &apos;total&apos;: 1.35}]
</system-out></testcase><testcase classname="test_submit.TestChallenge1" file="test_submit.py" line="33" name="test_1" time="0.00498199462890625"><system-out>Final results: [{&apos;source&apos;: &apos;41-833333333&apos;, &apos;total&apos;: 4.77}, {&apos;source&apos;: &apos;48-999999999&apos;, &apos;total&apos;: 4.68}, {&apos;source&apos;: &apos;41-885633788&apos;, &apos;total&apos;: 3.96}, {&apos;source&apos;: &apos;48-996355555&apos;, &apos;total&apos;: 2.61}, {&apos;source&apos;: &apos;41-886383097&apos;, &apos;total&apos;: 1.53}, {&apos;source&apos;: &apos;48-996383697&apos;, &apos;total&apos;: 1.35}]
</system-out></testcase><testcase classname="test_submit.TestChallenge1" file="test_submit.py" line="37" name="test_2" time="0.004964113235473633"><system-out>Final results: [{&apos;source&apos;: &apos;41-833333333&apos;, &apos;total&apos;: 4.77}, {&apos;source&apos;: &apos;48-999999999&apos;, &apos;total&apos;: 4.68}, {&apos;source&apos;: &apos;41-885633788&apos;, &apos;total&apos;: 3.96}, {&apos;source&apos;: &apos;48-996355555&apos;, &apos;total&apos;: 2.61}, {&apos;source&apos;: &apos;41-886383097&apos;, &apos;total&apos;: 1.53}, {&apos;source&apos;: &apos;48-996383697&apos;, &apos;total&apos;: 1.35}]
</system-out></testcase><testcase classname="test_submit.TestChallenge1" file="test_submit.py" line="41" name="test_3" time="0.006955623626708984"><system-out>Final results: [{&apos;source&apos;: &apos;41-833333333&apos;, &apos;total&apos;: 4.77}, {&apos;source&apos;: &apos;48-999999999&apos;, &apos;total&apos;: 4.68}, {&apos;source&apos;: &apos;41-885633788&apos;, &apos;total&apos;: 3.96}, {&apos;source&apos;: &apos;48-996355555&apos;, &apos;total&apos;: 2.61}, {&apos;source&apos;: &apos;41-886383097&apos;, &apos;total&apos;: 1.53}, {&apos;source&apos;: &apos;48-996383697&apos;, &apos;total&apos;: 1.35}]
</system-out></testcase><testcase classname="test_submit.TestChallenge1" file="test_submit.py" line="45" name="test_4" time="0.005017995834350586"><system-out>Final results: [{&apos;source&apos;: &apos;41-833333333&apos;, &apos;total&apos;: 4.77}, {&apos;source&apos;: &apos;48-999999999&apos;, &apos;total&apos;: 4.68}, {&apos;source&apos;: &apos;41-885633788&apos;, &apos;total&apos;: 3.96}, {&apos;source&apos;: &apos;48-996355555&apos;, &apos;total&apos;: 2.61}, {&apos;source&apos;: &apos;41-886383097&apos;, &apos;total&apos;: 1.53}, {&apos;source&apos;: &apos;48-996383697&apos;, &apos;total&apos;: 1.35}]
</system-out></testcase><testcase classname="test_submit.TestChallenge1" file="test_submit.py" line="49" name="test_5" time="0.0059850215911865234"><system-out>Final results: [{&apos;source&apos;: &apos;41-833333333&apos;, &apos;total&apos;: 4.77}, {&apos;source&apos;: &apos;48-999999999&apos;, &apos;total&apos;: 4.68}, {&apos;source&apos;: &apos;41-885633788&apos;, &apos;total&apos;: 3.96}, {&apos;source&apos;: &apos;48-996355555&apos;, &apos;total&apos;: 2.61}, {&apos;source&apos;: &apos;41-886383097&apos;, &apos;total&apos;: 1.53}, {&apos;source&apos;: &apos;48-996383697&apos;, &apos;total&apos;: 1.35}]
</system-out></testcase><testcase classname="test_submit.TestChallenge1" file="test_submit.py" line="53" name="test_6" time="0.005017995834350586"><system-out>Final results: [{&apos;source&apos;: &apos;41-833333333&apos;, &apos;total&apos;: 4.77}, {&apos;source&apos;: &apos;48-999999999&apos;, &apos;total&apos;: 4.68}, {&apos;source&apos;: &apos;41-885633788&apos;, &apos;total&apos;: 3.96}, {&apos;source&apos;: &apos;48-996355555&apos;, &apos;total&apos;: 2.61}, {&apos;source&apos;: &apos;41-886383097&apos;, &apos;total&apos;: 1.53}, {&apos;source&apos;: &apos;48-996383697&apos;, &apos;total&apos;: 1.35}]
</system-out></testcase><testcase classname="test_submit.TestChallenge1" file="test_submit.py" line="57" name="test_7" time="0.0060198307037353516"><system-out>Final results: [{&apos;source&apos;: &apos;41-833333333&apos;, &apos;total&apos;: 4.77}, {&apos;source&apos;: &apos;48-999999999&apos;, &apos;total&apos;: 4.68}, {&apos;source&apos;: &apos;41-885633788&apos;, &apos;total&apos;: 3.96}, {&apos;source&apos;: &apos;48-996355555&apos;, &apos;total&apos;: 2.61}, {&apos;source&apos;: &apos;41-886383097&apos;, &apos;total&apos;: 1.53}, {&apos;source&apos;: &apos;48-996383697&apos;, &apos;total&apos;: 1.35}]
</system-out></testcase></testsuite>